<?xml version="1.0" encoding="UTF-8"?>
<!-- Generated by org.testng.reporters.JUnitReportReporter -->
<testsuite hostname="EXIPC0200" failures="0" tests="3" name="com.qa.testClass.LoginPageTest" time="49.145" errors="0" timestamp="2024-09-25T17:44:35 IST" skipped="0">
  <testcase classname="com.qa.testClass.LoginPageTest" name="validLogin" time="19.915"/>
  <testcase classname="com.qa.testClass.LoginPageTest" name="invalidPasswordErrText" time="18.309"/>
  <testcase classname="com.qa.testClass.LoginPageTest" name="invalidEmailErrText" time="10.921"/>
</testsuite> <!-- com.qa.testClass.LoginPageTest -->
